2020-10-09T16:29:01-0400 [INFO    ] dandi Traversing remote dandisets (000010) recursively
2020-10-09T16:29:01-0400 [INFO    ] backups2datalad.py Updating metadata file
2020-10-09T16:29:10-0400 [INFO    ] backups2datalad.py Syncing asset /sub-210861/sub-210861_ses-20130701_behavior+ecephys+ogen.nwb
2020-10-09T16:29:10-0400 [WARNING ] backups2datalad.py Asset metadata does not include sha256 hash
2020-10-09T16:29:10-0400 [INFO    ] backups2datalad.py Asset in dataset, hash not available, and size is unchanged; will not update
2020-10-09T16:29:10-0400 [INFO    ] backups2datalad.py Syncing asset /sub-210861/sub-210861_ses-20130702_behavior+ecephys+ogen.nwb
2020-10-09T16:29:10-0400 [WARNING ] backups2datalad.py Asset metadata does not include sha256 hash
2020-10-09T16:29:10-0400 [INFO    ] backups2datalad.py Asset in dataset, hash not available, and size is unchanged; will not update
2020-10-09T16:29:10-0400 [INFO    ] backups2datalad.py Syncing asset /sub-210861/sub-210861_ses-20130703_behavior+ecephys+ogen.nwb
2020-10-09T16:29:10-0400 [WARNING ] backups2datalad.py Asset metadata does not include sha256 hash
2020-10-09T16:29:11-0400 [INFO    ] backups2datalad.py Asset in dataset, hash not available, and size is unchanged; will not update
2020-10-09T16:29:11-0400 [INFO    ] backups2datalad.py Syncing asset /sub-210862/sub-210862_ses-20130626_behavior+ecephys+ogen.nwb
2020-10-09T16:29:11-0400 [WARNING ] backups2datalad.py Asset metadata does not include sha256 hash
2020-10-09T16:29:11-0400 [INFO    ] backups2datalad.py Asset in dataset, hash not available, and size is unchanged; will not update
2020-10-09T16:29:11-0400 [INFO    ] backups2datalad.py Syncing asset /sub-210862/sub-210862_ses-20130627_behavior+ecephys+ogen.nwb
2020-10-09T16:29:11-0400 [WARNING ] backups2datalad.py Asset metadata does not include sha256 hash
2020-10-09T16:29:11-0400 [INFO    ] backups2datalad.py Asset in dataset, hash not available, and size is unchanged; will not update
2020-10-09T16:29:11-0400 [INFO    ] backups2datalad.py Syncing asset /sub-210862/sub-210862_ses-20130628_behavior+ecephys+ogen.nwb
2020-10-09T16:29:11-0400 [WARNING ] backups2datalad.py Asset metadata does not include sha256 hash
2020-10-09T16:29:11-0400 [INFO    ] backups2datalad.py Asset in dataset, hash not available, and size is unchanged; will not update
2020-10-09T16:29:11-0400 [INFO    ] backups2datalad.py Syncing asset /sub-210863/sub-210863_ses-20130626_behavior+ecephys+ogen.nwb
2020-10-09T16:29:11-0400 [WARNING ] backups2datalad.py Asset metadata does not include sha256 hash
2020-10-09T16:29:12-0400 [INFO    ] backups2datalad.py Asset in dataset, hash not available, and size is unchanged; will not update
2020-10-09T16:29:12-0400 [INFO    ] backups2datalad.py Syncing asset /sub-210863/sub-210863_ses-20130627_behavior+ecephys+ogen.nwb
2020-10-09T16:29:12-0400 [WARNING ] backups2datalad.py Asset metadata does not include sha256 hash
2020-10-09T16:29:12-0400 [INFO    ] backups2datalad.py Asset in dataset, hash not available, and size is unchanged; will not update
2020-10-09T16:29:12-0400 [INFO    ] backups2datalad.py Syncing asset /sub-210863/sub-210863_ses-20130628_behavior+ecephys+ogen.nwb
2020-10-09T16:29:12-0400 [WARNING ] backups2datalad.py Asset metadata does not include sha256 hash
2020-10-09T16:29:12-0400 [INFO    ] backups2datalad.py Asset in dataset, hash not available, and size is unchanged; will not update
2020-10-09T16:29:12-0400 [INFO    ] backups2datalad.py Syncing asset /sub-214427/sub-214427_ses-20130805_behavior+ecephys+ogen.nwb
2020-10-09T16:29:12-0400 [WARNING ] backups2datalad.py Asset metadata does not include sha256 hash
2020-10-09T16:29:13-0400 [INFO    ] backups2datalad.py Asset in dataset, hash not available, and size is unchanged; will not update
2020-10-09T16:29:13-0400 [INFO    ] backups2datalad.py Syncing asset /sub-214427/sub-214427_ses-20130806_behavior+ecephys+ogen.nwb
2020-10-09T16:29:13-0400 [WARNING ] backups2datalad.py Asset metadata does not include sha256 hash
2020-10-09T16:29:13-0400 [INFO    ] backups2datalad.py Asset in dataset, hash not available, and size is unchanged; will not update
2020-10-09T16:29:13-0400 [INFO    ] backups2datalad.py Syncing asset /sub-214427/sub-214427_ses-20130807_behavior+ecephys+ogen.nwb
2020-10-09T16:29:13-0400 [WARNING ] backups2datalad.py Asset metadata does not include sha256 hash
2020-10-09T16:29:13-0400 [INFO    ] backups2datalad.py Asset in dataset, hash not available, and size is unchanged; will not update
2020-10-09T16:29:13-0400 [INFO    ] backups2datalad.py Syncing asset /sub-214427/sub-214427_ses-20130808_behavior+ecephys+ogen.nwb
2020-10-09T16:29:13-0400 [WARNING ] backups2datalad.py Asset metadata does not include sha256 hash
2020-10-09T16:29:14-0400 [INFO    ] backups2datalad.py Asset in dataset, hash not available, and size is unchanged; will not update
2020-10-09T16:29:14-0400 [INFO    ] backups2datalad.py Syncing asset /sub-214429/sub-214429_ses-20130805_behavior+ecephys+ogen.nwb
2020-10-09T16:29:14-0400 [WARNING ] backups2datalad.py Asset metadata does not include sha256 hash
2020-10-09T16:29:14-0400 [INFO    ] backups2datalad.py Asset in dataset, hash not available, and size is unchanged; will not update
2020-10-09T16:29:14-0400 [INFO    ] backups2datalad.py Syncing asset /sub-214429/sub-214429_ses-20130806_behavior+ecephys+ogen.nwb
2020-10-09T16:29:14-0400 [WARNING ] backups2datalad.py Asset metadata does not include sha256 hash
2020-10-09T16:29:14-0400 [INFO    ] backups2datalad.py Asset in dataset, hash not available, and size is unchanged; will not update
2020-10-09T16:29:14-0400 [INFO    ] backups2datalad.py Syncing asset /sub-214429/sub-214429_ses-20130807_behavior+ecephys+ogen.nwb
2020-10-09T16:29:14-0400 [WARNING ] backups2datalad.py Asset metadata does not include sha256 hash
2020-10-09T16:29:15-0400 [INFO    ] backups2datalad.py Asset in dataset, hash not available, and size is unchanged; will not update
2020-10-09T16:29:15-0400 [INFO    ] backups2datalad.py Syncing asset /sub-214429/sub-214429_ses-20130808_behavior+ecephys+ogen.nwb
2020-10-09T16:29:15-0400 [WARNING ] backups2datalad.py Asset metadata does not include sha256 hash
2020-10-09T16:29:15-0400 [INFO    ] backups2datalad.py Asset in dataset, hash not available, and size is unchanged; will not update
2020-10-09T16:29:15-0400 [INFO    ] backups2datalad.py Syncing asset /sub-214430/sub-214430_ses-20130820_behavior+ecephys+ogen.nwb
2020-10-09T16:29:15-0400 [WARNING ] backups2datalad.py Asset metadata does not include sha256 hash
2020-10-09T16:29:15-0400 [INFO    ] backups2datalad.py Asset in dataset, hash not available, and size is unchanged; will not update
2020-10-09T16:29:15-0400 [INFO    ] backups2datalad.py Syncing asset /sub-214430/sub-214430_ses-20130821_behavior+ecephys+ogen.nwb
2020-10-09T16:29:15-0400 [WARNING ] backups2datalad.py Asset metadata does not include sha256 hash
2020-10-09T16:29:16-0400 [INFO    ] backups2datalad.py Asset in dataset, hash not available, and size is unchanged; will not update
2020-10-09T16:29:16-0400 [INFO    ] backups2datalad.py Syncing asset /sub-214430/sub-214430_ses-20130822_behavior+ecephys+ogen.nwb
2020-10-09T16:29:16-0400 [WARNING ] backups2datalad.py Asset metadata does not include sha256 hash
2020-10-09T16:29:16-0400 [INFO    ] backups2datalad.py Asset in dataset, hash not available, and size is unchanged; will not update
2020-10-09T16:29:16-0400 [INFO    ] backups2datalad.py Syncing asset /sub-214430/sub-214430_ses-20130823_behavior+ecephys+ogen.nwb
2020-10-09T16:29:16-0400 [WARNING ] backups2datalad.py Asset metadata does not include sha256 hash
2020-10-09T16:29:16-0400 [INFO    ] backups2datalad.py Asset in dataset, hash not available, and size is unchanged; will not update
2020-10-09T16:29:16-0400 [INFO    ] backups2datalad.py Syncing asset /sub-216219/sub-216219_ses-20130815_obj-12g09i6_behavior+ophys.nwb
2020-10-09T16:29:16-0400 [WARNING ] backups2datalad.py Asset metadata does not include sha256 hash
2020-10-09T16:29:17-0400 [INFO    ] backups2datalad.py Asset in dataset, hash not available, and size is unchanged; will not update
2020-10-09T16:29:17-0400 [INFO    ] backups2datalad.py Syncing asset /sub-216219/sub-216219_ses-20130815_obj-1eyeli4_behavior+ophys.nwb
2020-10-09T16:29:17-0400 [WARNING ] backups2datalad.py Asset metadata does not include sha256 hash
2020-10-09T16:29:17-0400 [INFO    ] backups2datalad.py Asset in dataset, hash not available, and size is unchanged; will not update
2020-10-09T16:29:17-0400 [INFO    ] backups2datalad.py Syncing asset /sub-216219/sub-216219_ses-20130815_obj-1u51sit_behavior+ophys.nwb
2020-10-09T16:29:17-0400 [WARNING ] backups2datalad.py Asset metadata does not include sha256 hash
2020-10-09T16:29:17-0400 [INFO    ] backups2datalad.py Asset in dataset, hash not available, and size is unchanged; will not update
2020-10-09T16:29:17-0400 [INFO    ] backups2datalad.py Syncing asset /sub-216219/sub-216219_ses-20130816_obj-1ajdqvr_behavior+ophys.nwb
2020-10-09T16:29:17-0400 [WARNING ] backups2datalad.py Asset metadata does not include sha256 hash
2020-10-09T16:29:17-0400 [INFO    ] backups2datalad.py Asset in dataset, hash not available, and size is unchanged; will not update
2020-10-09T16:29:17-0400 [INFO    ] backups2datalad.py Syncing asset /sub-216219/sub-216219_ses-20130816_obj-1do4dq2_behavior+ophys.nwb
2020-10-09T16:29:17-0400 [WARNING ] backups2datalad.py Asset metadata does not include sha256 hash
2020-10-09T16:29:18-0400 [INFO    ] backups2datalad.py Asset in dataset, hash not available, and size is unchanged; will not update
2020-10-09T16:29:18-0400 [INFO    ] backups2datalad.py Syncing asset /sub-216219/sub-216219_ses-20130816_obj-1hn4ta1_behavior+ophys.nwb
2020-10-09T16:29:18-0400 [WARNING ] backups2datalad.py Asset metadata does not include sha256 hash
2020-10-09T16:29:18-0400 [INFO    ] backups2datalad.py Asset in dataset, hash not available, and size is unchanged; will not update
2020-10-09T16:29:18-0400 [INFO    ] backups2datalad.py Syncing asset /sub-216219/sub-216219_ses-20130816_obj-n71k1t_behavior+ophys.nwb
2020-10-09T16:29:18-0400 [WARNING ] backups2datalad.py Asset metadata does not include sha256 hash
2020-10-09T16:29:18-0400 [INFO    ] backups2datalad.py Asset in dataset, hash not available, and size is unchanged; will not update
2020-10-09T16:29:18-0400 [INFO    ] backups2datalad.py Syncing asset /sub-216219/sub-216219_ses-20130819_obj-17f2orf_behavior+ophys.nwb
2020-10-09T16:29:18-0400 [WARNING ] backups2datalad.py Asset metadata does not include sha256 hash
2020-10-09T16:29:19-0400 [INFO    ] backups2datalad.py Asset in dataset, hash not available, and size is unchanged; will not update
2020-10-09T16:29:19-0400 [INFO    ] backups2datalad.py Syncing asset /sub-216219/sub-216219_ses-20130819_obj-1eu4fsw_behavior+ophys.nwb
2020-10-09T16:29:19-0400 [WARNING ] backups2datalad.py Asset metadata does not include sha256 hash
2020-10-09T16:29:19-0400 [INFO    ] backups2datalad.py Asset in dataset, hash not available, and size is unchanged; will not update
2020-10-09T16:29:19-0400 [INFO    ] backups2datalad.py Syncing asset /sub-216219/sub-216219_ses-20130819_obj-hsu7he_behavior+ophys.nwb
2020-10-09T16:29:19-0400 [WARNING ] backups2datalad.py Asset metadata does not include sha256 hash
2020-10-09T16:29:19-0400 [INFO    ] backups2datalad.py Asset in dataset, hash not available, and size is unchanged; will not update
2020-10-09T16:29:19-0400 [INFO    ] backups2datalad.py Syncing asset /sub-216219/sub-216219_ses-20130819_obj-jukzzy_behavior+ophys.nwb
2020-10-09T16:29:19-0400 [WARNING ] backups2datalad.py Asset metadata does not include sha256 hash
2020-10-09T16:29:19-0400 [INFO    ] backups2datalad.py Asset in dataset, hash not available, and size is unchanged; will not update
2020-10-09T16:29:19-0400 [INFO    ] backups2datalad.py Syncing asset /sub-216219/sub-216219_ses-20130819_obj-t4wtq0_behavior+ophys.nwb
2020-10-09T16:29:19-0400 [WARNING ] backups2datalad.py Asset metadata does not include sha256 hash
2020-10-09T16:29:20-0400 [INFO    ] backups2datalad.py Asset in dataset, hash not available, and size is unchanged; will not update
2020-10-09T16:29:20-0400 [INFO    ] backups2datalad.py Syncing asset /sub-216219/sub-216219_ses-20130820_obj-1bbw9a0_behavior+ophys.nwb
2020-10-09T16:29:20-0400 [WARNING ] backups2datalad.py Asset metadata does not include sha256 hash
2020-10-09T16:29:20-0400 [INFO    ] backups2datalad.py Asset in dataset, hash not available, and size is unchanged; will not update
2020-10-09T16:29:20-0400 [INFO    ] backups2datalad.py Syncing asset /sub-216219/sub-216219_ses-20130820_obj-8kjwwt_behavior+ophys.nwb
2020-10-09T16:29:20-0400 [WARNING ] backups2datalad.py Asset metadata does not include sha256 hash
2020-10-09T16:29:20-0400 [INFO    ] backups2datalad.py Asset in dataset, hash not available, and size is unchanged; will not update
2020-10-09T16:29:20-0400 [INFO    ] backups2datalad.py Syncing asset /sub-216219/sub-216219_ses-20130820_obj-upv7sr_behavior+ophys.nwb
2020-10-09T16:29:20-0400 [WARNING ] backups2datalad.py Asset metadata does not include sha256 hash
2020-10-09T16:29:21-0400 [INFO    ] backups2datalad.py Asset in dataset, hash not available, and size is unchanged; will not update
2020-10-09T16:29:21-0400 [INFO    ] backups2datalad.py Syncing asset /sub-216219/sub-216219_ses-20130820_obj-wwnqyd_behavior+ophys.nwb
2020-10-09T16:29:21-0400 [WARNING ] backups2datalad.py Asset metadata does not include sha256 hash
2020-10-09T16:29:21-0400 [INFO    ] backups2datalad.py Asset in dataset, hash not available, and size is unchanged; will not update
2020-10-09T16:29:21-0400 [INFO    ] backups2datalad.py Syncing asset /sub-216219/sub-216219_ses-20130821_obj-15zarrq_behavior+ophys.nwb
2020-10-09T16:29:21-0400 [WARNING ] backups2datalad.py Asset metadata does not include sha256 hash
2020-10-09T16:29:21-0400 [INFO    ] backups2datalad.py Asset in dataset, hash not available, and size is unchanged; will not update
2020-10-09T16:29:21-0400 [INFO    ] backups2datalad.py Syncing asset /sub-216219/sub-216219_ses-20130821_obj-1hqwhdv_behavior+ophys.nwb
2020-10-09T16:29:21-0400 [WARNING ] backups2datalad.py Asset metadata does not include sha256 hash
2020-10-09T16:29:21-0400 [INFO    ] backups2datalad.py Asset in dataset, hash not available, and size is unchanged; will not update
2020-10-09T16:29:21-0400 [INFO    ] backups2datalad.py Syncing asset /sub-216219/sub-216219_ses-20130821_obj-1w9j9h0_behavior+ophys.nwb
2020-10-09T16:29:21-0400 [WARNING ] backups2datalad.py Asset metadata does not include sha256 hash
2020-10-09T16:29:22-0400 [INFO    ] backups2datalad.py Asset in dataset, hash not available, and size is unchanged; will not update
2020-10-09T16:29:22-0400 [INFO    ] backups2datalad.py Syncing asset /sub-216219/sub-216219_ses-20130821_obj-s1me5n_behavior+ophys.nwb
2020-10-09T16:29:22-0400 [WARNING ] backups2datalad.py Asset metadata does not include sha256 hash
2020-10-09T16:29:22-0400 [INFO    ] backups2datalad.py Asset in dataset, hash not available, and size is unchanged; will not update
2020-10-09T16:29:22-0400 [INFO    ] backups2datalad.py Syncing asset /sub-216219/sub-216219_ses-20130821_obj-sgs1hx_behavior+ophys.nwb
2020-10-09T16:29:22-0400 [WARNING ] backups2datalad.py Asset metadata does not include sha256 hash
2020-10-09T16:29:22-0400 [INFO    ] backups2datalad.py Asset in dataset, hash not available, and size is unchanged; will not update
2020-10-09T16:29:22-0400 [INFO    ] backups2datalad.py Syncing asset /sub-217951/sub-217951_ses-20131009_behavior+ophys.nwb
2020-10-09T16:29:22-0400 [WARNING ] backups2datalad.py Asset metadata does not include sha256 hash
2020-10-09T16:29:23-0400 [INFO    ] backups2datalad.py Asset in dataset, hash not available, and size is unchanged; will not update
2020-10-09T16:29:23-0400 [INFO    ] backups2datalad.py Syncing asset /sub-217951/sub-217951_ses-20131010_obj-1f8meby_behavior+ophys.nwb
2020-10-09T16:29:23-0400 [WARNING ] backups2datalad.py Asset metadata does not include sha256 hash
2020-10-09T16:29:23-0400 [INFO    ] backups2datalad.py Asset in dataset, hash not available, and size is unchanged; will not update
2020-10-09T16:29:23-0400 [INFO    ] backups2datalad.py Syncing asset /sub-217951/sub-217951_ses-20131010_obj-1wjcj56_behavior+ophys.nwb
2020-10-09T16:29:23-0400 [WARNING ] backups2datalad.py Asset metadata does not include sha256 hash
2020-10-09T16:29:23-0400 [INFO    ] backups2datalad.py Asset in dataset, hash not available, and size is unchanged; will not update
2020-10-09T16:29:23-0400 [INFO    ] backups2datalad.py Syncing asset /sub-217951/sub-217951_ses-20131010_obj-ddzzxp_behavior+ophys.nwb
2020-10-09T16:29:23-0400 [WARNING ] backups2datalad.py Asset metadata does not include sha256 hash
2020-10-09T16:29:23-0400 [INFO    ] backups2datalad.py Asset in dataset, hash not available, and size is unchanged; will not update
2020-10-09T16:29:23-0400 [INFO    ] backups2datalad.py Syncing asset /sub-217951/sub-217951_ses-20131011_obj-awtc5i_behavior+ophys.nwb
2020-10-09T16:29:23-0400 [WARNING ] backups2datalad.py Asset metadata does not include sha256 hash
2020-10-09T16:29:24-0400 [INFO    ] backups2datalad.py Asset in dataset, hash not available, and size is unchanged; will not update
2020-10-09T16:29:24-0400 [INFO    ] backups2datalad.py Syncing asset /sub-217951/sub-217951_ses-20131011_obj-fu5121_behavior+ophys.nwb
2020-10-09T16:29:24-0400 [WARNING ] backups2datalad.py Asset metadata does not include sha256 hash
2020-10-09T16:29:24-0400 [INFO    ] backups2datalad.py Asset in dataset, hash not available, and size is unchanged; will not update
2020-10-09T16:29:24-0400 [INFO    ] backups2datalad.py Syncing asset /sub-217951/sub-217951_ses-20131014_obj-1jpvswn_behavior+ophys.nwb
2020-10-09T16:29:24-0400 [WARNING ] backups2datalad.py Asset metadata does not include sha256 hash
2020-10-09T16:29:24-0400 [INFO    ] backups2datalad.py Asset in dataset, hash not available, and size is unchanged; will not update
2020-10-09T16:29:24-0400 [INFO    ] backups2datalad.py Syncing asset /sub-217951/sub-217951_ses-20131014_obj-8drknu_behavior+ophys.nwb
2020-10-09T16:29:24-0400 [WARNING ] backups2datalad.py Asset metadata does not include sha256 hash
2020-10-09T16:29:25-0400 [INFO    ] backups2datalad.py Asset in dataset, hash not available, and size is unchanged; will not update
2020-10-09T16:29:25-0400 [INFO    ] backups2datalad.py Syncing asset /sub-217951/sub-217951_ses-20131015_obj-110lo5x_behavior+ophys.nwb
2020-10-09T16:29:25-0400 [WARNING ] backups2datalad.py Asset metadata does not include sha256 hash
2020-10-09T16:29:25-0400 [INFO    ] backups2datalad.py Asset in dataset, hash not available, and size is unchanged; will not update
2020-10-09T16:29:25-0400 [INFO    ] backups2datalad.py Syncing asset /sub-217951/sub-217951_ses-20131015_obj-mhn6vm_behavior+ophys.nwb
2020-10-09T16:29:25-0400 [WARNING ] backups2datalad.py Asset metadata does not include sha256 hash
2020-10-09T16:29:25-0400 [INFO    ] backups2datalad.py Asset in dataset, hash not available, and size is unchanged; will not update
2020-10-09T16:29:25-0400 [INFO    ] backups2datalad.py Syncing asset /sub-217951/sub-217951_ses-20131015_obj-xa1zvi_behavior+ophys.nwb
2020-10-09T16:29:25-0400 [WARNING ] backups2datalad.py Asset metadata does not include sha256 hash
2020-10-09T16:29:25-0400 [INFO    ] backups2datalad.py Asset in dataset, hash not available, and size is unchanged; will not update
2020-10-09T16:29:25-0400 [INFO    ] backups2datalad.py Syncing asset /sub-218453/sub-218453_ses-20131014_behavior+ecephys.nwb
2020-10-09T16:29:25-0400 [WARNING ] backups2datalad.py Asset metadata does not include sha256 hash
2020-10-09T16:29:26-0400 [INFO    ] backups2datalad.py Asset in dataset, hash not available, and size is unchanged; will not update
2020-10-09T16:29:26-0400 [INFO    ] backups2datalad.py Syncing asset /sub-218453/sub-218453_ses-20131015_behavior+ecephys.nwb
2020-10-09T16:29:26-0400 [WARNING ] backups2datalad.py Asset metadata does not include sha256 hash
2020-10-09T16:29:26-0400 [INFO    ] backups2datalad.py Asset in dataset, hash not available, and size is unchanged; will not update
2020-10-09T16:29:26-0400 [INFO    ] backups2datalad.py Syncing asset /sub-218453/sub-218453_ses-20131016_behavior+ecephys.nwb
2020-10-09T16:29:26-0400 [WARNING ] backups2datalad.py Asset metadata does not include sha256 hash
2020-10-09T16:29:26-0400 [INFO    ] backups2datalad.py Asset in dataset, hash not available, and size is unchanged; will not update
2020-10-09T16:29:26-0400 [INFO    ] backups2datalad.py Syncing asset /sub-218453/sub-218453_ses-20131017_behavior+ecephys.nwb
2020-10-09T16:29:26-0400 [WARNING ] backups2datalad.py Asset metadata does not include sha256 hash
2020-10-09T16:29:27-0400 [INFO    ] backups2datalad.py Asset in dataset, hash not available, and size is unchanged; will not update
2020-10-09T16:29:27-0400 [INFO    ] backups2datalad.py Syncing asset /sub-218453/sub-218453_ses-20131018_behavior+ecephys.nwb
2020-10-09T16:29:27-0400 [WARNING ] backups2datalad.py Asset metadata does not include sha256 hash
2020-10-09T16:29:27-0400 [INFO    ] backups2datalad.py Asset in dataset, hash not available, and size is unchanged; will not update
2020-10-09T16:29:27-0400 [INFO    ] backups2datalad.py Syncing asset /sub-218457/sub-218457_ses-20131003_behavior+ecephys.nwb
2020-10-09T16:29:27-0400 [WARNING ] backups2datalad.py Asset metadata does not include sha256 hash
2020-10-09T16:29:27-0400 [INFO    ] backups2datalad.py Asset in dataset, hash not available, and size is unchanged; will not update
2020-10-09T16:29:27-0400 [INFO    ] backups2datalad.py Syncing asset /sub-218457/sub-218457_ses-20131004_behavior+ecephys.nwb
2020-10-09T16:29:27-0400 [WARNING ] backups2datalad.py Asset metadata does not include sha256 hash
2020-10-09T16:29:28-0400 [INFO    ] backups2datalad.py Asset in dataset, hash not available, and size is unchanged; will not update
2020-10-09T16:29:28-0400 [INFO    ] backups2datalad.py Syncing asset /sub-218457/sub-218457_ses-20131005_behavior+ecephys.nwb
2020-10-09T16:29:28-0400 [WARNING ] backups2datalad.py Asset metadata does not include sha256 hash
2020-10-09T16:29:28-0400 [INFO    ] backups2datalad.py Asset in dataset, hash not available, and size is unchanged; will not update
2020-10-09T16:29:28-0400 [INFO    ] backups2datalad.py Syncing asset /sub-218457/sub-218457_ses-20131006_behavior+ecephys.nwb
2020-10-09T16:29:28-0400 [WARNING ] backups2datalad.py Asset metadata does not include sha256 hash
2020-10-09T16:29:28-0400 [INFO    ] backups2datalad.py Asset in dataset, hash not available, and size is unchanged; will not update
2020-10-09T16:29:28-0400 [INFO    ] backups2datalad.py Syncing asset /sub-218457/sub-218457_ses-20131007_behavior+ecephys.nwb
2020-10-09T16:29:28-0400 [WARNING ] backups2datalad.py Asset metadata does not include sha256 hash
2020-10-09T16:29:28-0400 [INFO    ] backups2datalad.py Asset in dataset, hash not available, and size is unchanged; will not update
2020-10-09T16:29:28-0400 [INFO    ] backups2datalad.py Syncing asset /sub-218457/sub-218457_ses-20131008_behavior+ecephys.nwb
2020-10-09T16:29:28-0400 [WARNING ] backups2datalad.py Asset metadata does not include sha256 hash
2020-10-09T16:29:29-0400 [INFO    ] backups2datalad.py Asset in dataset, hash not available, and size is unchanged; will not update
2020-10-09T16:29:29-0400 [INFO    ] backups2datalad.py Syncing asset /sub-218693/sub-218693_ses-20131203_behavior+ecephys.nwb
2020-10-09T16:29:29-0400 [WARNING ] backups2datalad.py Asset metadata does not include sha256 hash
2020-10-09T16:29:29-0400 [INFO    ] backups2datalad.py Asset in dataset, hash not available, and size is unchanged; will not update
2020-10-09T16:29:29-0400 [INFO    ] backups2datalad.py Syncing asset /sub-218693/sub-218693_ses-20131204_behavior+ecephys.nwb
2020-10-09T16:29:29-0400 [WARNING ] backups2datalad.py Asset metadata does not include sha256 hash
2020-10-09T16:29:29-0400 [INFO    ] backups2datalad.py Asset in dataset, hash not available, and size is unchanged; will not update
2020-10-09T16:29:29-0400 [INFO    ] backups2datalad.py Syncing asset /sub-218693/sub-218693_ses-20131205_behavior+ecephys.nwb
2020-10-09T16:29:29-0400 [WARNING ] backups2datalad.py Asset metadata does not include sha256 hash
2020-10-09T16:29:30-0400 [INFO    ] backups2datalad.py Asset in dataset, hash not available, and size is unchanged; will not update
2020-10-09T16:29:30-0400 [INFO    ] backups2datalad.py Syncing asset /sub-219030/sub-219030_ses-20130829_behavior+ecephys+ogen.nwb
2020-10-09T16:29:30-0400 [WARNING ] backups2datalad.py Asset metadata does not include sha256 hash
2020-10-09T16:29:30-0400 [INFO    ] backups2datalad.py Asset in dataset, hash not available, and size is unchanged; will not update
2020-10-09T16:29:30-0400 [INFO    ] backups2datalad.py Syncing asset /sub-219030/sub-219030_ses-20130830_behavior+ecephys+ogen.nwb
2020-10-09T16:29:30-0400 [WARNING ] backups2datalad.py Asset metadata does not include sha256 hash
2020-10-09T16:29:30-0400 [INFO    ] backups2datalad.py Asset in dataset, hash not available, and size is unchanged; will not update
2020-10-09T16:29:30-0400 [INFO    ] backups2datalad.py Syncing asset /sub-219030/sub-219030_ses-20130831_behavior+ecephys+ogen.nwb
2020-10-09T16:29:30-0400 [WARNING ] backups2datalad.py Asset metadata does not include sha256 hash
2020-10-09T16:29:31-0400 [INFO    ] backups2datalad.py Asset in dataset, hash not available, and size is unchanged; will not update
2020-10-09T16:29:31-0400 [INFO    ] backups2datalad.py Syncing asset /sub-219030/sub-219030_ses-20130901_behavior+ecephys+ogen.nwb
2020-10-09T16:29:31-0400 [WARNING ] backups2datalad.py Asset metadata does not include sha256 hash
2020-10-09T16:29:31-0400 [INFO    ] backups2datalad.py Asset in dataset, hash not available, and size is unchanged; will not update
2020-10-09T16:29:31-0400 [INFO    ] backups2datalad.py Syncing asset /sub-219030/sub-219030_ses-20130903_behavior+ecephys+ogen.nwb
2020-10-09T16:29:31-0400 [WARNING ] backups2datalad.py Asset metadata does not include sha256 hash
2020-10-09T16:29:31-0400 [INFO    ] backups2datalad.py Asset in dataset, hash not available, and size is unchanged; will not update
2020-10-09T16:29:31-0400 [INFO    ] backups2datalad.py Syncing asset /sub-219031/sub-219031_ses-20131021_behavior+ecephys+ogen.nwb
2020-10-09T16:29:31-0400 [WARNING ] backups2datalad.py Asset metadata does not include sha256 hash
2020-10-09T16:29:32-0400 [INFO    ] backups2datalad.py Asset in dataset, hash not available, and size is unchanged; will not update
2020-10-09T16:29:32-0400 [INFO    ] backups2datalad.py Syncing asset /sub-219031/sub-219031_ses-20131022_behavior+ecephys+ogen.nwb
2020-10-09T16:29:32-0400 [WARNING ] backups2datalad.py Asset metadata does not include sha256 hash
2020-10-09T16:29:32-0400 [INFO    ] backups2datalad.py Asset in dataset, hash not available, and size is unchanged; will not update
2020-10-09T16:29:32-0400 [INFO    ] backups2datalad.py Syncing asset /sub-219031/sub-219031_ses-20131023_behavior+ecephys+ogen.nwb
2020-10-09T16:29:32-0400 [WARNING ] backups2datalad.py Asset metadata does not include sha256 hash
2020-10-09T16:29:32-0400 [INFO    ] backups2datalad.py Asset in dataset, hash not available, and size is unchanged; will not update
2020-10-09T16:29:32-0400 [INFO    ] backups2datalad.py Syncing asset /sub-219031/sub-219031_ses-20131024_behavior+ecephys+ogen.nwb
2020-10-09T16:29:32-0400 [WARNING ] backups2datalad.py Asset metadata does not include sha256 hash
2020-10-09T16:29:33-0400 [INFO    ] backups2datalad.py Asset in dataset, hash not available, and size is unchanged; will not update
2020-10-09T16:29:33-0400 [INFO    ] backups2datalad.py Syncing asset /sub-219031/sub-219031_ses-20131025_behavior+ecephys+ogen.nwb
2020-10-09T16:29:33-0400 [WARNING ] backups2datalad.py Asset metadata does not include sha256 hash
2020-10-09T16:29:33-0400 [INFO    ] backups2datalad.py Asset in dataset, hash not available, and size is unchanged; will not update
2020-10-09T16:29:33-0400 [INFO    ] backups2datalad.py Syncing asset /sub-219033/sub-219033_ses-20131116_behavior+ecephys+ogen.nwb
2020-10-09T16:29:33-0400 [WARNING ] backups2datalad.py Asset metadata does not include sha256 hash
2020-10-09T16:29:33-0400 [INFO    ] backups2datalad.py Asset in dataset, hash not available, and size is unchanged; will not update
2020-10-09T16:29:33-0400 [INFO    ] backups2datalad.py Syncing asset /sub-219033/sub-219033_ses-20131117_behavior+ecephys+ogen.nwb
2020-10-09T16:29:33-0400 [WARNING ] backups2datalad.py Asset metadata does not include sha256 hash
2020-10-09T16:29:34-0400 [INFO    ] backups2datalad.py Asset in dataset, hash not available, and size is unchanged; will not update
2020-10-09T16:29:34-0400 [INFO    ] backups2datalad.py Syncing asset /sub-219033/sub-219033_ses-20131118_behavior+ecephys+ogen.nwb
2020-10-09T16:29:34-0400 [WARNING ] backups2datalad.py Asset metadata does not include sha256 hash
2020-10-09T16:29:34-0400 [INFO    ] backups2datalad.py Asset in dataset, hash not available, and size is unchanged; will not update
2020-10-09T16:29:34-0400 [INFO    ] backups2datalad.py Syncing asset /sub-219033/sub-219033_ses-20131119_behavior+ecephys+ogen.nwb
2020-10-09T16:29:34-0400 [WARNING ] backups2datalad.py Asset metadata does not include sha256 hash
2020-10-09T16:29:34-0400 [INFO    ] backups2datalad.py Asset in dataset, hash not available, and size is unchanged; will not update
2020-10-09T16:29:34-0400 [INFO    ] backups2datalad.py Syncing asset /sub-219033/sub-219033_ses-20131120_behavior+ecephys+ogen.nwb
2020-10-09T16:29:34-0400 [WARNING ] backups2datalad.py Asset metadata does not include sha256 hash
2020-10-09T16:29:34-0400 [INFO    ] backups2datalad.py Asset in dataset, hash not available, and size is unchanged; will not update
2020-10-09T16:29:34-0400 [INFO    ] backups2datalad.py Syncing asset /sub-219033/sub-219033_ses-20131121_behavior+ecephys+ogen.nwb
2020-10-09T16:29:34-0400 [WARNING ] backups2datalad.py Asset metadata does not include sha256 hash
2020-10-09T16:29:35-0400 [INFO    ] backups2datalad.py Asset in dataset, hash not available, and size is unchanged; will not update
2020-10-09T16:29:35-0400 [INFO    ] backups2datalad.py Syncing asset /sub-219033/sub-219033_ses-20131122_behavior+ecephys+ogen.nwb
2020-10-09T16:29:35-0400 [WARNING ] backups2datalad.py Asset metadata does not include sha256 hash
2020-10-09T16:29:35-0400 [INFO    ] backups2datalad.py Asset in dataset, hash not available, and size is unchanged; will not update
2020-10-09T16:29:35-0400 [INFO    ] backups2datalad.py Syncing asset /sub-219036/sub-219036_ses-20131116_behavior+ecephys+ogen.nwb
2020-10-09T16:29:35-0400 [WARNING ] backups2datalad.py Asset metadata does not include sha256 hash
2020-10-09T16:29:35-0400 [INFO    ] backups2datalad.py Asset in dataset, hash not available, and size is unchanged; will not update
2020-10-09T16:29:35-0400 [INFO    ] backups2datalad.py Syncing asset /sub-219036/sub-219036_ses-20131117_behavior+ecephys+ogen.nwb
2020-10-09T16:29:35-0400 [WARNING ] backups2datalad.py Asset metadata does not include sha256 hash
2020-10-09T16:29:36-0400 [INFO    ] backups2datalad.py Asset in dataset, hash not available, and size is unchanged; will not update
2020-10-09T16:29:36-0400 [INFO    ] backups2datalad.py Syncing asset /sub-219036/sub-219036_ses-20131118_behavior+ecephys+ogen.nwb
2020-10-09T16:29:36-0400 [WARNING ] backups2datalad.py Asset metadata does not include sha256 hash
2020-10-09T16:29:36-0400 [INFO    ] backups2datalad.py Asset in dataset, hash not available, and size is unchanged; will not update
2020-10-09T16:29:36-0400 [INFO    ] backups2datalad.py Syncing asset /sub-219036/sub-219036_ses-20131119_behavior+ecephys+ogen.nwb
2020-10-09T16:29:36-0400 [WARNING ] backups2datalad.py Asset metadata does not include sha256 hash
2020-10-09T16:29:36-0400 [INFO    ] backups2datalad.py Asset in dataset, hash not available, and size is unchanged; will not update
2020-10-09T16:29:36-0400 [INFO    ] backups2datalad.py Syncing asset /sub-219036/sub-219036_ses-20131120_behavior+ecephys+ogen.nwb
2020-10-09T16:29:36-0400 [WARNING ] backups2datalad.py Asset metadata does not include sha256 hash
2020-10-09T16:29:37-0400 [INFO    ] backups2datalad.py Asset in dataset, hash not available, and size is unchanged; will not update
2020-10-09T16:29:37-0400 [INFO    ] backups2datalad.py Syncing asset /sub-219036/sub-219036_ses-20131121_behavior+ecephys+ogen.nwb
2020-10-09T16:29:37-0400 [WARNING ] backups2datalad.py Asset metadata does not include sha256 hash
2020-10-09T16:29:37-0400 [INFO    ] backups2datalad.py Asset in dataset, hash not available, and size is unchanged; will not update
2020-10-09T16:29:37-0400 [INFO    ] backups2datalad.py Syncing asset /sub-219036/sub-219036_ses-20131122_behavior+ecephys+ogen.nwb
2020-10-09T16:29:37-0400 [WARNING ] backups2datalad.py Asset metadata does not include sha256 hash
2020-10-09T16:29:37-0400 [INFO    ] backups2datalad.py Asset in dataset, hash not available, and size is unchanged; will not update
2020-10-09T16:29:37-0400 [INFO    ] backups2datalad.py Syncing asset /sub-219037/sub-219037_ses-20131116_behavior+ecephys+ogen.nwb
2020-10-09T16:29:37-0400 [WARNING ] backups2datalad.py Asset metadata does not include sha256 hash
2020-10-09T16:29:38-0400 [INFO    ] backups2datalad.py Asset in dataset, hash not available, and size is unchanged; will not update
2020-10-09T16:29:38-0400 [INFO    ] backups2datalad.py Syncing asset /sub-219037/sub-219037_ses-20131117_behavior+ecephys+ogen.nwb
2020-10-09T16:29:38-0400 [WARNING ] backups2datalad.py Asset metadata does not include sha256 hash
2020-10-09T16:29:38-0400 [INFO    ] backups2datalad.py Asset in dataset, hash not available, and size is unchanged; will not update
2020-10-09T16:29:38-0400 [INFO    ] backups2datalad.py Syncing asset /sub-219037/sub-219037_ses-20131118_behavior+ecephys+ogen.nwb
2020-10-09T16:29:38-0400 [WARNING ] backups2datalad.py Asset metadata does not include sha256 hash
2020-10-09T16:29:38-0400 [INFO    ] backups2datalad.py Asset in dataset, hash not available, and size is unchanged; will not update
2020-10-09T16:29:38-0400 [INFO    ] backups2datalad.py Syncing asset /sub-219037/sub-219037_ses-20131119_behavior+ecephys+ogen.nwb
2020-10-09T16:29:38-0400 [WARNING ] backups2datalad.py Asset metadata does not include sha256 hash
2020-10-09T16:29:39-0400 [INFO    ] backups2datalad.py Asset in dataset, hash not available, and size is unchanged; will not update
2020-10-09T16:29:39-0400 [INFO    ] backups2datalad.py Syncing asset /sub-219037/sub-219037_ses-20131120_behavior+ecephys+ogen.nwb
2020-10-09T16:29:39-0400 [WARNING ] backups2datalad.py Asset metadata does not include sha256 hash
2020-10-09T16:29:39-0400 [INFO    ] backups2datalad.py Asset in dataset, hash not available, and size is unchanged; will not update
2020-10-09T16:29:39-0400 [INFO    ] backups2datalad.py Syncing asset /sub-219037/sub-219037_ses-20131121_behavior+ecephys+ogen.nwb
2020-10-09T16:29:39-0400 [WARNING ] backups2datalad.py Asset metadata does not include sha256 hash
2020-10-09T16:29:39-0400 [INFO    ] backups2datalad.py Asset in dataset, hash not available, and size is unchanged; will not update
2020-10-09T16:29:39-0400 [INFO    ] backups2datalad.py Syncing asset /sub-219037/sub-219037_ses-20131122_behavior+ecephys+ogen.nwb
2020-10-09T16:29:39-0400 [WARNING ] backups2datalad.py Asset metadata does not include sha256 hash
2020-10-09T16:29:40-0400 [INFO    ] backups2datalad.py Asset in dataset, hash not available, and size is unchanged; will not update
2020-10-09T16:29:40-0400 [INFO    ] backups2datalad.py Syncing asset /sub-219038/sub-219038_ses-20131021_behavior+ecephys+ogen.nwb
2020-10-09T16:29:40-0400 [WARNING ] backups2datalad.py Asset metadata does not include sha256 hash
2020-10-09T16:29:40-0400 [INFO    ] backups2datalad.py Asset in dataset, hash not available, and size is unchanged; will not update
2020-10-09T16:29:40-0400 [INFO    ] backups2datalad.py Syncing asset /sub-219038/sub-219038_ses-20131022_behavior+ecephys+ogen.nwb
2020-10-09T16:29:40-0400 [WARNING ] backups2datalad.py Asset metadata does not include sha256 hash
2020-10-09T16:29:40-0400 [INFO    ] backups2datalad.py Asset in dataset, hash not available, and size is unchanged; will not update
2020-10-09T16:29:40-0400 [INFO    ] backups2datalad.py Syncing asset /sub-219038/sub-219038_ses-20131023_behavior+ecephys+ogen.nwb
2020-10-09T16:29:40-0400 [WARNING ] backups2datalad.py Asset metadata does not include sha256 hash
2020-10-09T16:29:41-0400 [INFO    ] backups2datalad.py Asset in dataset, hash not available, and size is unchanged; will not update
2020-10-09T16:29:41-0400 [INFO    ] backups2datalad.py Syncing asset /sub-219038/sub-219038_ses-20131024_behavior+ecephys+ogen.nwb
2020-10-09T16:29:41-0400 [WARNING ] backups2datalad.py Asset metadata does not include sha256 hash
2020-10-09T16:29:41-0400 [INFO    ] backups2datalad.py Asset in dataset, hash not available, and size is unchanged; will not update
2020-10-09T16:29:41-0400 [INFO    ] backups2datalad.py Syncing asset /sub-219038/sub-219038_ses-20131025_behavior+ecephys+ogen.nwb
2020-10-09T16:29:41-0400 [WARNING ] backups2datalad.py Asset metadata does not include sha256 hash
2020-10-09T16:29:41-0400 [INFO    ] backups2datalad.py Asset in dataset, hash not available, and size is unchanged; will not update
2020-10-09T16:29:41-0400 [INFO    ] backups2datalad.py Syncing asset /sub-219038/sub-219038_ses-20131026_behavior+ecephys+ogen.nwb
2020-10-09T16:29:41-0400 [WARNING ] backups2datalad.py Asset metadata does not include sha256 hash
2020-10-09T16:29:42-0400 [INFO    ] backups2datalad.py Asset in dataset, hash not available, and size is unchanged; will not update
2020-10-09T16:29:42-0400 [INFO    ] backups2datalad.py Syncing asset /sub-219038/sub-219038_ses-20131027_behavior+ecephys+ogen.nwb
2020-10-09T16:29:42-0400 [WARNING ] backups2datalad.py Asset metadata does not include sha256 hash
2020-10-09T16:29:42-0400 [INFO    ] backups2datalad.py Asset in dataset, hash not available, and size is unchanged; will not update
2020-10-09T16:29:42-0400 [INFO    ] backups2datalad.py Syncing asset /sub-219038/sub-219038_ses-20131028_behavior+ecephys+ogen.nwb
2020-10-09T16:29:42-0400 [WARNING ] backups2datalad.py Asset metadata does not include sha256 hash
2020-10-09T16:29:42-0400 [INFO    ] backups2datalad.py Asset in dataset, hash not available, and size is unchanged; will not update
2020-10-09T16:29:42-0400 [INFO    ] backups2datalad.py Syncing asset /sub-219247/sub-219247_ses-20130919_behavior+ecephys+ogen.nwb
2020-10-09T16:29:42-0400 [WARNING ] backups2datalad.py Asset metadata does not include sha256 hash
2020-10-09T16:29:42-0400 [INFO    ] backups2datalad.py Asset in dataset, hash not available, and size is unchanged; will not update
2020-10-09T16:29:42-0400 [INFO    ] backups2datalad.py Syncing asset /sub-219247/sub-219247_ses-20130920_behavior+ecephys+ogen.nwb
2020-10-09T16:29:42-0400 [WARNING ] backups2datalad.py Asset metadata does not include sha256 hash
2020-10-09T16:29:43-0400 [INFO    ] backups2datalad.py Asset in dataset, hash not available, and size is unchanged; will not update
2020-10-09T16:29:43-0400 [INFO    ] backups2datalad.py Syncing asset /sub-219247/sub-219247_ses-20130921_behavior+ecephys+ogen.nwb
2020-10-09T16:29:43-0400 [WARNING ] backups2datalad.py Asset metadata does not include sha256 hash
2020-10-09T16:29:43-0400 [INFO    ] backups2datalad.py Asset in dataset, hash not available, and size is unchanged; will not update
2020-10-09T16:29:43-0400 [INFO    ] backups2datalad.py Syncing asset /sub-219247/sub-219247_ses-20130922_behavior+ecephys+ogen.nwb
2020-10-09T16:29:43-0400 [WARNING ] backups2datalad.py Asset metadata does not include sha256 hash
2020-10-09T16:29:43-0400 [INFO    ] backups2datalad.py Asset in dataset, hash not available, and size is unchanged; will not update
2020-10-09T16:29:43-0400 [INFO    ] backups2datalad.py Syncing asset /sub-219247/sub-219247_ses-20130923_behavior+ecephys+ogen.nwb
2020-10-09T16:29:43-0400 [WARNING ] backups2datalad.py Asset metadata does not include sha256 hash
2020-10-09T16:29:44-0400 [INFO    ] backups2datalad.py Asset in dataset, hash not available, and size is unchanged; will not update
2020-10-09T16:29:44-0400 [INFO    ] backups2datalad.py Syncing asset /sub-219248/sub-219248_ses-20130919_behavior+ecephys+ogen.nwb
2020-10-09T16:29:44-0400 [WARNING ] backups2datalad.py Asset metadata does not include sha256 hash
2020-10-09T16:29:44-0400 [INFO    ] backups2datalad.py Asset in dataset, hash not available, and size is unchanged; will not update
2020-10-09T16:29:44-0400 [INFO    ] backups2datalad.py Syncing asset /sub-219248/sub-219248_ses-20130920_behavior+ecephys+ogen.nwb
2020-10-09T16:29:44-0400 [WARNING ] backups2datalad.py Asset metadata does not include sha256 hash
2020-10-09T16:29:44-0400 [INFO    ] backups2datalad.py Asset in dataset, hash not available, and size is unchanged; will not update
2020-10-09T16:29:44-0400 [INFO    ] backups2datalad.py Syncing asset /sub-219248/sub-219248_ses-20130921_behavior+ecephys+ogen.nwb
2020-10-09T16:29:44-0400 [WARNING ] backups2datalad.py Asset metadata does not include sha256 hash
2020-10-09T16:29:45-0400 [INFO    ] backups2datalad.py Asset in dataset, hash not available, and size is unchanged; will not update
2020-10-09T16:29:45-0400 [INFO    ] backups2datalad.py Syncing asset /sub-219248/sub-219248_ses-20130922_behavior+ecephys+ogen.nwb
2020-10-09T16:29:45-0400 [WARNING ] backups2datalad.py Asset metadata does not include sha256 hash
2020-10-09T16:29:45-0400 [INFO    ] backups2datalad.py Asset in dataset, hash not available, and size is unchanged; will not update
2020-10-09T16:29:45-0400 [INFO    ] backups2datalad.py Syncing asset /sub-219248/sub-219248_ses-20130923_behavior+ecephys+ogen.nwb
2020-10-09T16:29:45-0400 [WARNING ] backups2datalad.py Asset metadata does not include sha256 hash
2020-10-09T16:29:45-0400 [INFO    ] backups2datalad.py Asset in dataset, hash not available, and size is unchanged; will not update
2020-10-09T16:29:45-0400 [INFO    ] backups2datalad.py Syncing asset /sub-219248/sub-219248_ses-20130924_behavior+ecephys+ogen.nwb
2020-10-09T16:29:45-0400 [WARNING ] backups2datalad.py Asset metadata does not include sha256 hash
2020-10-09T16:29:46-0400 [INFO    ] backups2datalad.py Asset in dataset, hash not available, and size is unchanged; will not update
2020-10-09T16:29:46-0400 [INFO    ] backups2datalad.py Syncing asset /sub-219248/sub-219248_ses-20130925_behavior+ecephys+ogen.nwb
2020-10-09T16:29:46-0400 [WARNING ] backups2datalad.py Asset metadata does not include sha256 hash
2020-10-09T16:29:46-0400 [INFO    ] backups2datalad.py Asset in dataset, hash not available, and size is unchanged; will not update
2020-10-09T16:29:46-0400 [INFO    ] backups2datalad.py Syncing asset /sub-219253/sub-219253_ses-20140117_behavior+ecephys+ogen.nwb
2020-10-09T16:29:46-0400 [WARNING ] backups2datalad.py Asset metadata does not include sha256 hash
2020-10-09T16:29:46-0400 [INFO    ] backups2datalad.py Asset in dataset, hash not available, and size is unchanged; will not update
2020-10-09T16:29:46-0400 [INFO    ] backups2datalad.py Syncing asset /sub-219253/sub-219253_ses-20140118_obj-1iqyufv_behavior+ecephys+ogen.nwb
2020-10-09T16:29:46-0400 [WARNING ] backups2datalad.py Asset metadata does not include sha256 hash
2020-10-09T16:29:47-0400 [INFO    ] backups2datalad.py Asset in dataset, hash not available, and size is unchanged; will not update
2020-10-09T16:29:47-0400 [INFO    ] backups2datalad.py Syncing asset /sub-219253/sub-219253_ses-20140118_obj-1m69pde_behavior+ecephys+ogen.nwb
2020-10-09T16:29:47-0400 [WARNING ] backups2datalad.py Asset metadata does not include sha256 hash
2020-10-09T16:29:47-0400 [INFO    ] backups2datalad.py Asset in dataset, hash not available, and size is unchanged; will not update
2020-10-09T16:29:47-0400 [INFO    ] backups2datalad.py Syncing asset /sub-219253/sub-219253_ses-20140119_obj-1frwttg_behavior+ecephys+ogen.nwb
2020-10-09T16:29:47-0400 [WARNING ] backups2datalad.py Asset metadata does not include sha256 hash
2020-10-09T16:29:47-0400 [INFO    ] backups2datalad.py Asset in dataset, hash not available, and size is unchanged; will not update
2020-10-09T16:29:47-0400 [INFO    ] backups2datalad.py Syncing asset /sub-219253/sub-219253_ses-20140119_obj-1prjaep_behavior+ecephys+ogen.nwb
2020-10-09T16:29:47-0400 [WARNING ] backups2datalad.py Asset metadata does not include sha256 hash
2020-10-09T16:29:48-0400 [INFO    ] backups2datalad.py Asset in dataset, hash not available, and size is unchanged; will not update
2020-10-09T16:29:48-0400 [INFO    ] backups2datalad.py Syncing asset /sub-219253/sub-219253_ses-20140120_obj-1y72q3t_behavior+ecephys+ogen.nwb
2020-10-09T16:29:48-0400 [WARNING ] backups2datalad.py Asset metadata does not include sha256 hash
2020-10-09T16:29:48-0400 [INFO    ] backups2datalad.py Asset in dataset, hash not available, and size is unchanged; will not update
2020-10-09T16:29:48-0400 [INFO    ] backups2datalad.py Syncing asset /sub-219253/sub-219253_ses-20140120_obj-1ylaxc_behavior+ecephys+ogen.nwb
2020-10-09T16:29:48-0400 [WARNING ] backups2datalad.py Asset metadata does not include sha256 hash
2020-10-09T16:29:48-0400 [INFO    ] backups2datalad.py Asset in dataset, hash not available, and size is unchanged; will not update
2020-10-09T16:29:48-0400 [INFO    ] backups2datalad.py Syncing asset /sub-219253/sub-219253_ses-20140121_obj-366qyo_behavior+ecephys+ogen.nwb
2020-10-09T16:29:48-0400 [WARNING ] backups2datalad.py Asset metadata does not include sha256 hash
2020-10-09T16:29:48-0400 [INFO    ] backups2datalad.py Asset in dataset, hash not available, and size is unchanged; will not update
2020-10-09T16:29:48-0400 [INFO    ] backups2datalad.py Syncing asset /sub-219253/sub-219253_ses-20140121_obj-qmr8ek_behavior+ecephys+ogen.nwb
2020-10-09T16:29:48-0400 [WARNING ] backups2datalad.py Asset metadata does not include sha256 hash
2020-10-09T16:29:49-0400 [INFO    ] backups2datalad.py Asset in dataset, hash not available, and size is unchanged; will not update
2020-10-09T16:29:49-0400 [INFO    ] backups2datalad.py Syncing asset /sub-219253/sub-219253_ses-20140122_behavior+ecephys+ogen.nwb
2020-10-09T16:29:49-0400 [WARNING ] backups2datalad.py Asset metadata does not include sha256 hash
2020-10-09T16:29:49-0400 [INFO    ] backups2datalad.py Asset in dataset, hash not available, and size is unchanged; will not update
2020-10-09T16:29:49-0400 [INFO    ] backups2datalad.py Syncing asset /sub-221541/sub-221541_ses-20130822_behavior+ophys.nwb
2020-10-09T16:29:49-0400 [WARNING ] backups2datalad.py Asset metadata does not include sha256 hash
2020-10-09T16:29:49-0400 [INFO    ] backups2datalad.py Asset in dataset, hash not available, and size is unchanged; will not update
2020-10-09T16:29:49-0400 [INFO    ] backups2datalad.py Syncing asset /sub-221541/sub-221541_ses-20130823_obj-1bzyh29_behavior+ophys.nwb
2020-10-09T16:29:49-0400 [WARNING ] backups2datalad.py Asset metadata does not include sha256 hash
2020-10-09T16:29:50-0400 [INFO    ] backups2datalad.py Asset in dataset, hash not available, and size is unchanged; will not update
2020-10-09T16:29:50-0400 [INFO    ] backups2datalad.py Syncing asset /sub-221541/sub-221541_ses-20130823_obj-1tevsme_behavior+ophys.nwb
2020-10-09T16:29:50-0400 [WARNING ] backups2datalad.py Asset metadata does not include sha256 hash
2020-10-09T16:29:50-0400 [INFO    ] backups2datalad.py Asset in dataset, hash not available, and size is unchanged; will not update
2020-10-09T16:29:50-0400 [INFO    ] backups2datalad.py Syncing asset /sub-221541/sub-221541_ses-20130823_obj-eob1nd_behavior+ophys.nwb
2020-10-09T16:29:50-0400 [WARNING ] backups2datalad.py Asset metadata does not include sha256 hash
2020-10-09T16:29:50-0400 [INFO    ] backups2datalad.py Asset in dataset, hash not available, and size is unchanged; will not update
2020-10-09T16:29:50-0400 [INFO    ] backups2datalad.py Syncing asset /sub-221541/sub-221541_ses-20130825_obj-16qqh2q_behavior+ophys.nwb
2020-10-09T16:29:50-0400 [WARNING ] backups2datalad.py Asset metadata does not include sha256 hash
2020-10-09T16:29:50-0400 [INFO    ] backups2datalad.py Asset in dataset, hash not available, and size is unchanged; will not update
2020-10-09T16:29:50-0400 [INFO    ] backups2datalad.py Syncing asset /sub-221541/sub-221541_ses-20130825_obj-4ckpu1_behavior+ophys.nwb
2020-10-09T16:29:50-0400 [WARNING ] backups2datalad.py Asset metadata does not include sha256 hash
2020-10-09T16:29:51-0400 [INFO    ] backups2datalad.py Asset in dataset, hash not available, and size is unchanged; will not update
2020-10-09T16:29:51-0400 [INFO    ] backups2datalad.py Syncing asset /sub-221541/sub-221541_ses-20130825_obj-dk0tc7_behavior+ophys.nwb
2020-10-09T16:29:51-0400 [WARNING ] backups2datalad.py Asset metadata does not include sha256 hash
2020-10-09T16:29:51-0400 [INFO    ] backups2datalad.py Asset in dataset, hash not available, and size is unchanged; will not update
2020-10-09T16:29:51-0400 [INFO    ] backups2datalad.py Syncing asset /sub-221541/sub-221541_ses-20130825_obj-gs4n4w_behavior+ophys.nwb
2020-10-09T16:29:51-0400 [WARNING ] backups2datalad.py Asset metadata does not include sha256 hash
2020-10-09T16:29:51-0400 [INFO    ] backups2datalad.py Asset in dataset, hash not available, and size is unchanged; will not update
2020-10-09T16:29:51-0400 [INFO    ] backups2datalad.py Syncing asset /sub-221541/sub-221541_ses-20130825_obj-v2s7lf_behavior+ophys.nwb
2020-10-09T16:29:51-0400 [WARNING ] backups2datalad.py Asset metadata does not include sha256 hash
2020-10-09T16:29:52-0400 [INFO    ] backups2datalad.py Asset in dataset, hash not available, and size is unchanged; will not update
2020-10-09T16:29:52-0400 [INFO    ] backups2datalad.py Syncing asset /sub-221541/sub-221541_ses-20130826_obj-13bjan2_behavior+ophys.nwb
2020-10-09T16:29:52-0400 [WARNING ] backups2datalad.py Asset metadata does not include sha256 hash
2020-10-09T16:29:52-0400 [INFO    ] backups2datalad.py Asset in dataset, hash not available, and size is unchanged; will not update
2020-10-09T16:29:52-0400 [INFO    ] backups2datalad.py Syncing asset /sub-221541/sub-221541_ses-20130826_obj-19g87yj_behavior+ophys.nwb
2020-10-09T16:29:52-0400 [WARNING ] backups2datalad.py Asset metadata does not include sha256 hash
2020-10-09T16:29:52-0400 [INFO    ] backups2datalad.py Asset in dataset, hash not available, and size is unchanged; will not update
2020-10-09T16:29:52-0400 [INFO    ] backups2datalad.py Syncing asset /sub-221541/sub-221541_ses-20130826_obj-1s2on8k_behavior+ophys.nwb
2020-10-09T16:29:52-0400 [WARNING ] backups2datalad.py Asset metadata does not include sha256 hash
2020-10-09T16:29:53-0400 [INFO    ] backups2datalad.py Asset in dataset, hash not available, and size is unchanged; will not update
2020-10-09T16:29:53-0400 [INFO    ] backups2datalad.py Syncing asset /sub-221541/sub-221541_ses-20130826_obj-edk6fl_behavior+ophys.nwb
2020-10-09T16:29:53-0400 [WARNING ] backups2datalad.py Asset metadata does not include sha256 hash
2020-10-09T16:29:53-0400 [INFO    ] backups2datalad.py Asset in dataset, hash not available, and size is unchanged; will not update
2020-10-09T16:29:53-0400 [INFO    ] backups2datalad.py Syncing asset /sub-221977/sub-221977_ses-20140115_behavior+ecephys+ogen.nwb
2020-10-09T16:29:53-0400 [WARNING ] backups2datalad.py Asset metadata does not include sha256 hash
2020-10-09T16:29:53-0400 [INFO    ] backups2datalad.py Asset in dataset, hash not available, and size is unchanged; will not update
2020-10-09T16:29:53-0400 [INFO    ] backups2datalad.py Syncing asset /sub-221977/sub-221977_ses-20140116_behavior+ecephys+ogen.nwb
2020-10-09T16:29:53-0400 [WARNING ] backups2datalad.py Asset metadata does not include sha256 hash
2020-10-09T16:29:53-0400 [INFO    ] backups2datalad.py Asset in dataset, hash not available, and size is unchanged; will not update
2020-10-09T16:29:53-0400 [INFO    ] backups2datalad.py Syncing asset /sub-221977/sub-221977_ses-20140118_behavior+ecephys+ogen.nwb
2020-10-09T16:29:53-0400 [WARNING ] backups2datalad.py Asset metadata does not include sha256 hash
2020-10-09T16:29:54-0400 [INFO    ] backups2datalad.py Asset in dataset, hash not available, and size is unchanged; will not update
2020-10-09T16:29:54-0400 [INFO    ] backups2datalad.py Syncing asset /sub-226244/sub-226244_ses-20131108_obj-1hlx2tn_behavior+ophys.nwb
2020-10-09T16:29:54-0400 [WARNING ] backups2datalad.py Asset metadata does not include sha256 hash
2020-10-09T16:29:54-0400 [INFO    ] backups2datalad.py Asset in dataset, hash not available, and size is unchanged; will not update
2020-10-09T16:29:54-0400 [INFO    ] backups2datalad.py Syncing asset /sub-226244/sub-226244_ses-20131108_obj-1pd56g1_behavior+ophys.nwb
2020-10-09T16:29:54-0400 [WARNING ] backups2datalad.py Asset metadata does not include sha256 hash
2020-10-09T16:29:54-0400 [INFO    ] backups2datalad.py Asset in dataset, hash not available, and size is unchanged; will not update
2020-10-09T16:29:54-0400 [INFO    ] backups2datalad.py Syncing asset /sub-226244/sub-226244_ses-20131108_obj-1u5givg_behavior+ophys.nwb
2020-10-09T16:29:54-0400 [WARNING ] backups2datalad.py Asset metadata does not include sha256 hash
2020-10-09T16:29:55-0400 [INFO    ] backups2datalad.py Asset in dataset, hash not available, and size is unchanged; will not update
2020-10-09T16:29:55-0400 [INFO    ] backups2datalad.py Syncing asset /sub-226244/sub-226244_ses-20131110_obj-162hhqy_behavior+ophys.nwb
2020-10-09T16:29:55-0400 [WARNING ] backups2datalad.py Asset metadata does not include sha256 hash
2020-10-09T16:29:55-0400 [INFO    ] backups2datalad.py Asset in dataset, hash not available, and size is unchanged; will not update
2020-10-09T16:29:55-0400 [INFO    ] backups2datalad.py Syncing asset /sub-226244/sub-226244_ses-20131110_obj-1yovdsd_behavior+ophys.nwb
2020-10-09T16:29:55-0400 [WARNING ] backups2datalad.py Asset metadata does not include sha256 hash
2020-10-09T16:29:55-0400 [INFO    ] backups2datalad.py Asset in dataset, hash not available, and size is unchanged; will not update
2020-10-09T16:29:55-0400 [INFO    ] backups2datalad.py Syncing asset /sub-226244/sub-226244_ses-20131110_obj-7vj2vq_behavior+ophys.nwb
2020-10-09T16:29:55-0400 [WARNING ] backups2datalad.py Asset metadata does not include sha256 hash
2020-10-09T16:29:56-0400 [INFO    ] backups2datalad.py Asset in dataset, hash not available, and size is unchanged; will not update
2020-10-09T16:29:56-0400 [INFO    ] backups2datalad.py Syncing asset /sub-226244/sub-226244_ses-20131110_obj-dvr1ji_behavior+ophys.nwb
2020-10-09T16:29:56-0400 [WARNING ] backups2datalad.py Asset metadata does not include sha256 hash
2020-10-09T16:29:56-0400 [INFO    ] backups2datalad.py Asset in dataset, hash not available, and size is unchanged; will not update
2020-10-09T16:29:56-0400 [INFO    ] backups2datalad.py Syncing asset /sub-226244/sub-226244_ses-20131110_obj-uj92z4_behavior+ophys.nwb
2020-10-09T16:29:56-0400 [WARNING ] backups2datalad.py Asset metadata does not include sha256 hash
2020-10-09T16:29:56-0400 [INFO    ] backups2datalad.py Asset in dataset, hash not available, and size is unchanged; will not update
2020-10-09T16:29:56-0400 [INFO    ] backups2datalad.py Syncing asset /sub-226244/sub-226244_ses-20131112_obj-1ic18cz_behavior+ophys.nwb
2020-10-09T16:29:56-0400 [WARNING ] backups2datalad.py Asset metadata does not include sha256 hash
2020-10-09T16:29:56-0400 [INFO    ] backups2datalad.py Asset in dataset, hash not available, and size is unchanged; will not update
2020-10-09T16:29:56-0400 [INFO    ] backups2datalad.py Syncing asset /sub-226244/sub-226244_ses-20131112_obj-1mraicu_behavior+ophys.nwb
2020-10-09T16:29:56-0400 [WARNING ] backups2datalad.py Asset metadata does not include sha256 hash
2020-10-09T16:29:57-0400 [INFO    ] backups2datalad.py Asset in dataset, hash not available, and size is unchanged; will not update
2020-10-09T16:29:57-0400 [INFO    ] backups2datalad.py Syncing asset /sub-226244/sub-226244_ses-20131112_obj-rluajx_behavior+ophys.nwb
2020-10-09T16:29:57-0400 [WARNING ] backups2datalad.py Asset metadata does not include sha256 hash
2020-10-09T16:29:57-0400 [INFO    ] backups2datalad.py Asset in dataset, hash not available, and size is unchanged; will not update
2020-10-09T16:29:57-0400 [INFO    ] backups2datalad.py Syncing asset /sub-226244/sub-226244_ses-20131112_obj-ypcznw_behavior+ophys.nwb
2020-10-09T16:29:57-0400 [WARNING ] backups2datalad.py Asset metadata does not include sha256 hash
2020-10-09T16:29:57-0400 [INFO    ] backups2datalad.py Asset in dataset, hash not available, and size is unchanged; will not update
2020-10-09T16:29:57-0400 [INFO    ] backups2datalad.py Syncing asset /sub-226244/sub-226244_ses-20131114_obj-1bk2zc4_behavior+ophys.nwb
2020-10-09T16:29:57-0400 [WARNING ] backups2datalad.py Asset metadata does not include sha256 hash
2020-10-09T16:29:58-0400 [INFO    ] backups2datalad.py Asset in dataset, hash not available, and size is unchanged; will not update
2020-10-09T16:29:58-0400 [INFO    ] backups2datalad.py Syncing asset /sub-226244/sub-226244_ses-20131114_obj-qclugt_behavior+ophys.nwb
2020-10-09T16:29:58-0400 [WARNING ] backups2datalad.py Asset metadata does not include sha256 hash
2020-10-09T16:29:58-0400 [INFO    ] backups2datalad.py Asset in dataset, hash not available, and size is unchanged; will not update
2020-10-09T16:29:58-0400 [INFO    ] backups2datalad.py Commiting changes
2020-10-09T16:29:58-0400 [INFO    ] backups2datalad.py Creating GitHub sibling for 000010
2020-10-09T16:29:58-0400 [INFO    ] backups2datalad.py Pushing to sibling
2020-10-09T16:29:58-0400 [INFO    ] datalad.core.distributed.push Determine push target
2020-10-09T16:29:58-0400 [INFO    ] datalad.core.distributed.push Push refspecs
2020-10-09T16:29:58-0400 [INFO    ] datalad.core.distributed.push Transfer data
2020-10-09T16:29:58-0400 [INFO    ] datalad.core.distributed.push Update availability information
2020-10-09T16:30:00-0400 [INFO    ] datalad.gitrepo Start enumerating objects
2020-10-09T16:30:00-0400 [INFO    ] datalad.gitrepo Finished enumerating objects
2020-10-09T16:30:00-0400 [INFO    ] datalad.gitrepo Start counting objects
2020-10-09T16:30:00-0400 [INFO    ] datalad.gitrepo Counting objects:   9% (1/11)
2020-10-09T16:30:00-0400 [INFO    ] datalad.gitrepo Counting objects:  18% (2/11)
2020-10-09T16:30:00-0400 [INFO    ] datalad.gitrepo Counting objects:  27% (3/11)
2020-10-09T16:30:00-0400 [INFO    ] datalad.gitrepo Counting objects:  36% (4/11)
2020-10-09T16:30:00-0400 [INFO    ] datalad.gitrepo Counting objects:  45% (5/11)
2020-10-09T16:30:00-0400 [INFO    ] datalad.gitrepo Counting objects:  54% (6/11)
2020-10-09T16:30:00-0400 [INFO    ] datalad.gitrepo Counting objects:  63% (7/11)
2020-10-09T16:30:00-0400 [INFO    ] datalad.gitrepo Counting objects:  72% (8/11)
2020-10-09T16:30:00-0400 [INFO    ] datalad.gitrepo Counting objects:  81% (9/11)
2020-10-09T16:30:00-0400 [INFO    ] datalad.gitrepo Counting objects:  90% (10/11)
2020-10-09T16:30:00-0400 [INFO    ] datalad.gitrepo Counting objects: 100% (11/11)
2020-10-09T16:30:00-0400 [INFO    ] datalad.gitrepo Counting objects: 100% (11/11), done.
2020-10-09T16:30:00-0400 [INFO    ] datalad.gitrepo Finished counting objects
2020-10-09T16:30:00-0400 [INFO    ] datalad.gitrepo Start compressing objects
2020-10-09T16:30:00-0400 [INFO    ] datalad.gitrepo Compressing objects:  14% (1/7)
2020-10-09T16:30:00-0400 [INFO    ] datalad.gitrepo Compressing objects:  28% (2/7)
2020-10-09T16:30:00-0400 [INFO    ] datalad.gitrepo Compressing objects:  42% (3/7)
2020-10-09T16:30:00-0400 [INFO    ] datalad.gitrepo Compressing objects:  57% (4/7)
2020-10-09T16:30:00-0400 [INFO    ] datalad.gitrepo Compressing objects:  71% (5/7)
2020-10-09T16:30:00-0400 [INFO    ] datalad.gitrepo Compressing objects:  85% (6/7)
2020-10-09T16:30:00-0400 [INFO    ] datalad.gitrepo Compressing objects: 100% (7/7)
2020-10-09T16:30:00-0400 [INFO    ] datalad.gitrepo Compressing objects: 100% (7/7), done.
2020-10-09T16:30:00-0400 [INFO    ] datalad.gitrepo Finished compressing objects
2020-10-09T16:30:00-0400 [INFO    ] datalad.gitrepo Start writing objects
2020-10-09T16:30:00-0400 [INFO    ] datalad.gitrepo Writing objects:  14% (1/7)
2020-10-09T16:30:00-0400 [INFO    ] datalad.gitrepo Writing objects:  28% (2/7)
2020-10-09T16:30:00-0400 [INFO    ] datalad.gitrepo Writing objects:  42% (3/7)
2020-10-09T16:30:00-0400 [INFO    ] datalad.gitrepo Writing objects:  57% (4/7)
2020-10-09T16:30:00-0400 [INFO    ] datalad.gitrepo Writing objects:  71% (5/7)
2020-10-09T16:30:00-0400 [INFO    ] datalad.gitrepo Writing objects:  85% (6/7)
2020-10-09T16:30:00-0400 [INFO    ] datalad.gitrepo Writing objects: 100% (7/7)
2020-10-09T16:30:00-0400 [INFO    ] datalad.gitrepo Writing objects: 100% (7/7), 3.73 KiB | 1.86 MiB/s, done.
2020-10-09T16:30:00-0400 [INFO    ] datalad.gitrepo Finished writing objects
2020-10-09T16:30:00-0400 [INFO    ] datalad.gitrepo Start resolving deltas
2020-10-09T16:30:00-0400 [INFO    ] datalad.gitrepo remote: Resolving deltas:   0% (0/3)
2020-10-09T16:30:00-0400 [INFO    ] datalad.gitrepo remote: Resolving deltas:  33% (1/3)
2020-10-09T16:30:00-0400 [INFO    ] datalad.gitrepo remote: Resolving deltas: 100% (3/3)
2020-10-09T16:30:00-0400 [INFO    ] datalad.gitrepo remote: Resolving deltas: 100% (3/3), completed with 2 local objects.
2020-10-09T16:30:02-0400 [INFO    ] datalad.gitrepo Finished
2020-10-09T16:30:02-0400 [INFO    ] datalad.core.distributed.push Finished push of Dataset(/mnt/backup/dandi/dandiarchive-replica/000010)
